
ROM used:   914/8192 (11%)
            914/8192 (11%) including unused fragments

            1.1 Average locations per line
            16.9 Average locations per statement

RAM used:   12/368 (3%) at main() level
            26/368 (7%) worst case

Stack used: 2 worst case (2 in main + 0 for interrupts)
Stack size: 8

Lines Stmts  %   Files
----- ----- ---  -----
   66    37  69  CAU1.c
  768     0   0  ..\..\..\..\..\..\..\..\Program Files (x86)\Common Files\PICC\Devices\16f887.h
   25    17  31  tv_lcd.c
----- -----
  859    54 Total

Page ROM  %  RAM   Vol Diff  Functions:
---- --- --- ---   --- ----  ----------
0     20   2    1             @delay_ms1
0     28   3    1   119  1.3  lcd_command
0     28   3    1   119  1.3  lcd_data
0     18   2    0    86  1.3  lcd_setup
0    314  34    2  1265  7.6  MAIN
0      6   1    0             @const631
0     88  10    4             @PSTRINGC7_622
0     37   4    5             @DIV1616
0     29   3    2             @ITOF
0    117  13   13             @MULFF
0     31   3    4             @SFTOI
0      6   1    0             @const644
0     89  10    5             @PSTRINGCN7_622
0     99  11    9             @PRINTF_LU_622
 Inline         0             @cinit1

Program metrics:
    Functions               4
    Statements              54
    Comments                136
    Volume (V)              1971
    Difficulty (D)          10.7
    Effort to implement (E) 21068
    Time to implement (T)   20 minutes
    Est Delivered Bugs (B)  0
    Cyclomatic Complexity   4
    Maintainability (MI)    115

 Segment     Used  Free
-----------  ----  ----
00000-00003     4  0  
00004-007FF   910  1134  
00800-00FFF     0  2048  
01000-017FF     0  2048  
01800-01FFF     0  2048  



