
ROM used:   226/8192 (3%)
            226/8192 (3%) including unused fragments

            0.3 Average locations per line
            9.4 Average locations per statement

RAM used:   16/368 (4%) at main() level
            18/368 (5%) worst case

Stack used: 2 worst case (1 in main + 1 for interrupts)
Stack size: 8

Lines Stmts  %   Files
----- ----- ---  -----
   49    24 100  CAU3_VDKA.c
  768     0   0  ..\..\..\..\..\..\..\Program Files (x86)\Common Files\PICC\Devices\16f887.h
----- -----
  817    24 Total

Page ROM  %  RAM   Vol Diff  Functions:
---- --- --- ---   --- ----  ----------
0     22  10    1             @delay_ms1
0     14   6    0   351  4.2  @const625
0    109  48    1   491  5.7  main
0     21   9    3   589  6.2  @DIV88
0     11   5    0    61  2.3  ngatnhan
 Inline         0    20  1.3  @cinit1

Program metrics:
    Functions               5
    Statements              24
    Comments                131
    Volume (V)              2050
    Difficulty (D)          20.2
    Effort to implement (E) 41493
    Time to implement (T)   38 minutes
    Est Delivered Bugs (B)  0
    Cyclomatic Complexity   9
    Maintainability (MI)    164

 Segment     Used  Free
-----------  ----  ----
00000-00003     4  0  
00004-00030    45  0  
00031-007FF   177  1822  
00800-00FFF     0  2048  
01000-017FF     0  2048  
01800-01FFF     0  2048  



