
ROM used:   216/8192 (3%)
            216/8192 (3%) including unused fragments

            0.3 Average locations per line
            10.8 Average locations per statement

RAM used:   15/368 (4%) at main() level
            17/368 (5%) worst case

Stack used: 2 worst case (1 in main + 1 for interrupts)
Stack size: 8

Lines Stmts  %   Files
----- ----- ---  -----
   47    20 100  CAU3_VDKB.c
  768     0   0  ..\..\..\..\..\..\..\Program Files (x86)\Common Files\PICC\Devices\16f887.h
----- -----
  815    20 Total

Page ROM  %  RAM   Vol Diff  Functions:
---- --- --- ---   --- ----  ----------
0     22  10    1             @delay_ms1
0     14   6    0   351  4.2  @const624
0    102  47    1   434  4.7  main
0     21  10    3   589  6.2  @DIV88
0      8   4    0    20  1.3  ngatnhan
 Inline         0    20  1.3  @cinit1

Program metrics:
    Functions               5
    Statements              20
    Comments                130
    Volume (V)              1897
    Difficulty (D)          18.5
    Effort to implement (E) 35014
    Time to implement (T)   32 minutes
    Est Delivered Bugs (B)  0
    Cyclomatic Complexity   7
    Maintainability (MI)    167

 Segment     Used  Free
-----------  ----  ----
00000-00003     4  0  
00004-00030    45  0  
00031-007FF   167  1832  
00800-00FFF     0  2048  
01000-017FF     0  2048  
01800-01FFF     0  2048  



